#
# There is insufficient memory for the Java Runtime Environment to continue.
# Native memory allocation (malloc) failed to allocate 356768 bytes. Error detail: Chunk::new
# Possible reasons:
#   The system is out of physical RAM or swap space
#   This process is running with CompressedOops enabled, and the Java Heap may be blocking the growth of the native heap
# Possible solutions:
#   Reduce memory load on the system
#   Increase physical memory or swap space
#   Check if swap backing store is full
#   Decrease Java heap size (-Xmx/-Xms)
#   Decrease number of Java threads
#   Decrease Java thread stack sizes (-Xss)
#   Set larger code cache with -XX:ReservedCodeCacheSize=
#   JVM is running with Unscaled Compressed Oops mode in which the Java heap is
#     placed in the first 4GB address space. The Java Heap base address is the
#     maximum limit for the native heap growth. Please use -XX:HeapBaseMinAddress
#     to set the Java Heap base and to place the Java Heap above 4GB virtual address.
# This output file may be truncated or incomplete.
#
#  Out of Memory Error (arena.cpp:191), pid=82132, tid=90276
#
# JRE version: OpenJDK Runtime Environment Temurin-17.0.12+7 (17.0.12+7) (build 17.0.12+7)
# Java VM: OpenJDK 64-Bit Server VM Temurin-17.0.12+7 (17.0.12+7, mixed mode, tiered, compressed oops, compressed class ptrs, parallel gc, windows-amd64)
# No core dump will be written. Minidumps are not enabled by default on client versions of Windows
#

---------------  S U M M A R Y ------------

Command Line: --add-modules=ALL-SYSTEM --add-opens=java.base/java.util=ALL-UNNAMED --add-opens=java.base/java.lang=ALL-UNNAMED --add-opens=java.base/sun.nio.fs=ALL-UNNAMED -Declipse.application=org.eclipse.jdt.ls.core.id1 -Dosgi.bundles.defaultStartLevel=4 -Declipse.product=org.eclipse.jdt.ls.core.product -Djava.import.generatesMetadataFilesAtProjectRoot=false -DDetectVMInstallationsJob.disabled=true -Dfile.encoding=utf8 -XX:+UseParallelGC -XX:GCTimeRatio=4 -XX:AdaptiveSizePolicyWeight=90 -Dsun.zip.disableMemoryMapping=true -Xmx1G -Xms100m -Xlog:disable -javaagent:c:\Users\idaka\.vscode\extensions\redhat.java-1.35.1-win32-x64\lombok\lombok-1.18.33.jar c:\Users\idaka\.vscode\extensions\redhat.java-1.35.1-win32-x64\server\plugins\org.eclipse.equinox.launcher_1.6.900.v20240613-2009.jar -configuration c:\Users\idaka\AppData\Roaming\Code\User\globalStorage\redhat.java\1.35.1\config_ss_win -data c:\Users\idaka\AppData\Roaming\Code\User\workspaceStorage\6dd7c0f6da6ea4f604f74883f91d69d6\redhat.java\ss_ws --pipe=\\.\pipe\lsp-49e32ac7bd07da84dbaf4fca93089b6b-sock

Host: 11th Gen Intel(R) Core(TM) i3-1115G4 @ 3.00GHz, 4 cores, 7G,  Windows 11 , 64 bit Build 22621 (10.0.22621.3958)
Time: Wed Oct 30 14:23:44 2024 Suomen normaaliaika elapsed time: 6.037558 seconds (0d 0h 0m 6s)

---------------  T H R E A D  ---------------

Current thread (0x000001caadce57b0):  JavaThread "C2 CompilerThread0" daemon [_thread_in_native, id=90276, stack(0x00000032c9000000,0x00000032c9100000)]


Current CompileTask:
C2:   6037 1870       4       java.io.DataInputStream::readUTF (501 bytes)

Stack: [0x00000032c9000000,0x00000032c9100000]
Native frames: (J=compiled Java code, j=interpreted, Vv=VM code, C=native code)
V  [jvm.dll+0x67f929]
V  [jvm.dll+0x8371ba]
V  [jvm.dll+0x838c7e]
V  [jvm.dll+0x8392e3]
V  [jvm.dll+0x24834f]
V  [jvm.dll+0xac9d4]
V  [jvm.dll+0xad01c]
V  [jvm.dll+0x3674a7]
V  [jvm.dll+0x1bd562]
V  [jvm.dll+0x21aa09]
V  [jvm.dll+0x219cf1]
V  [jvm.dll+0x1a58bd]
V  [jvm.dll+0x229a2d]
V  [jvm.dll+0x227bdc]
V  [jvm.dll+0x7ec1f7]
V  [jvm.dll+0x7e65dc]
V  [jvm.dll+0x67e7f7]
C  [ucrtbase.dll+0x29333]
C  [KERNEL32.DLL+0x1257d]
C  [ntdll.dll+0x5af08]


---------------  P R O C E S S  ---------------

Threads class SMR info:
_java_thread_list=0x000001caae745d40, length=17, elements={
0x000001ca94e2fd60, 0x000001caadcd22d0, 0x000001caadcd3540, 0x000001caa8c8d140,
0x000001caa8c8da10, 0x000001caa8c8e2e0, 0x000001caadce4fa0, 0x000001caadce57b0,
0x000001caadd4e200, 0x000001caadd54ee0, 0x000001ca94e95a30, 0x000001caae03eb20,
0x000001caae2fc100, 0x000001caae2fc610, 0x000001caae2fcb20, 0x000001caae2fd540,
0x000001caae2fbbf0
}

Java Threads: ( => current thread )
  0x000001ca94e2fd60 JavaThread "main" [_thread_blocked, id=91352, stack(0x00000032c8600000,0x00000032c8700000)]
  0x000001caadcd22d0 JavaThread "Reference Handler" daemon [_thread_blocked, id=93260, stack(0x00000032c8a00000,0x00000032c8b00000)]
  0x000001caadcd3540 JavaThread "Finalizer" daemon [_thread_blocked, id=94440, stack(0x00000032c8b00000,0x00000032c8c00000)]
  0x000001caa8c8d140 JavaThread "Signal Dispatcher" daemon [_thread_blocked, id=81296, stack(0x00000032c8c00000,0x00000032c8d00000)]
  0x000001caa8c8da10 JavaThread "Attach Listener" daemon [_thread_blocked, id=87560, stack(0x00000032c8d00000,0x00000032c8e00000)]
  0x000001caa8c8e2e0 JavaThread "Service Thread" daemon [_thread_blocked, id=77388, stack(0x00000032c8e00000,0x00000032c8f00000)]
  0x000001caadce4fa0 JavaThread "Monitor Deflation Thread" daemon [_thread_blocked, id=92152, stack(0x00000032c8f00000,0x00000032c9000000)]
=>0x000001caadce57b0 JavaThread "C2 CompilerThread0" daemon [_thread_in_native, id=90276, stack(0x00000032c9000000,0x00000032c9100000)]
  0x000001caadd4e200 JavaThread "C1 CompilerThread0" daemon [_thread_blocked, id=15040, stack(0x00000032c9100000,0x00000032c9200000)]
  0x000001caadd54ee0 JavaThread "Sweeper thread" daemon [_thread_blocked, id=90252, stack(0x00000032c9200000,0x00000032c9300000)]
  0x000001ca94e95a30 JavaThread "Common-Cleaner" daemon [_thread_blocked, id=92284, stack(0x00000032c9300000,0x00000032c9400000)]
  0x000001caae03eb20 JavaThread "Notification Thread" daemon [_thread_blocked, id=83244, stack(0x00000032c9400000,0x00000032c9500000)]
  0x000001caae2fc100 JavaThread "Active Thread: Equinox Container: afba9c70-93ce-414f-8eaa-7438a2a0a5d6" [_thread_blocked, id=83168, stack(0x00000032c9a00000,0x00000032c9b00000)]
  0x000001caae2fc610 JavaThread "Framework Event Dispatcher: Equinox Container: afba9c70-93ce-414f-8eaa-7438a2a0a5d6" daemon [_thread_blocked, id=85412, stack(0x00000032c9b00000,0x00000032c9c00000)]
  0x000001caae2fcb20 JavaThread "Start Level: Equinox Container: afba9c70-93ce-414f-8eaa-7438a2a0a5d6" daemon [_thread_in_native, id=86660, stack(0x00000032c9c00000,0x00000032c9d00000)]
  0x000001caae2fd540 JavaThread "SCR Component Actor" daemon [_thread_blocked, id=94380, stack(0x00000032c9900000,0x00000032c9a00000)]
  0x000001caae2fbbf0 JavaThread "SCR Component Registry" daemon [_thread_blocked, id=93784, stack(0x00000032c9d00000,0x00000032c9e00000)]

Other Threads:
  0x000001caa8ba88f0 VMThread "VM Thread" [stack: 0x00000032c8900000,0x00000032c8a00000] [id=75380]
  0x000001caae02eaf0 WatcherThread [stack: 0x00000032c9500000,0x00000032c9600000] [id=82780]
  0x000001ca94e448b0 GCTaskThread "GC Thread#0" [stack: 0x00000032c8800000,0x00000032c8900000] [id=59764]
  0x000001caae269050 GCTaskThread "GC Thread#1" [stack: 0x00000032c9600000,0x00000032c9700000] [id=80044]
  0x000001caae269310 GCTaskThread "GC Thread#2" [stack: 0x00000032c9700000,0x00000032c9800000] [id=94924]
  0x000001caae2695d0 GCTaskThread "GC Thread#3" [stack: 0x00000032c9800000,0x00000032c9900000] [id=87888]

Threads with active compile tasks:
C2 CompilerThread0     6322 1870       4       java.io.DataInputStream::readUTF (501 bytes)

VM state: not at safepoint (normal execution)

VM Mutex/Monitor currently owned by a thread: None

Heap address: 0x00000000c0000000, size: 1024 MB, Compressed Oops mode: 32-bit

CDS archive(s) not mapped
Compressed class space mapped at: 0x0000000100000000-0x0000000140000000, reserved size: 1073741824
Narrow klass base: 0x0000000000000000, Narrow klass shift: 3, Narrow klass range: 0x140000000

GC Precious Log:
 CPUs: 4 total, 4 available
 Memory: 7886M
 Large Page Support: Disabled
 NUMA Support: Disabled
 Compressed Oops: Enabled (32-bit)
 Alignments: Space 512K, Generation 512K, Heap 2M
 Heap Min Capacity: 100M
 Heap Initial Capacity: 100M
 Heap Max Capacity: 1G
 Pre-touch: Disabled
 Parallel Workers: 4

Heap:
 PSYoungGen      total 29696K, used 19321K [0x00000000eab00000, 0x00000000ecc00000, 0x0000000100000000)
  eden space 25600K, 59% used [0x00000000eab00000,0x00000000eb9e11e0,0x00000000ec400000)
  from space 4096K, 99% used [0x00000000ec800000,0x00000000ecbfd330,0x00000000ecc00000)
  to   space 4096K, 0% used [0x00000000ec400000,0x00000000ec400000,0x00000000ec800000)
 ParOldGen       total 68608K, used 800K [0x00000000c0000000, 0x00000000c4300000, 0x00000000eab00000)
  object space 68608K, 1% used [0x00000000c0000000,0x00000000c00c8250,0x00000000c4300000)
 Metaspace       used 17460K, committed 17792K, reserved 1114112K
  class space    used 1793K, committed 1920K, reserved 1048576K

Card table byte_map: [0x000001ca94790000,0x000001ca949a0000] _byte_map_base: 0x000001ca94190000

Marking Bits: (ParMarkBitMap*) 0x00007fff6fbe58b0
 Begin Bits: [0x000001caa6a90000, 0x000001caa7a90000)
 End Bits:   [0x000001caa7a90000, 0x000001caa8a90000)

Polling page: 0x000001ca92c80000

Metaspace:

Usage:
  Non-class:     15.30 MB used.
      Class:      1.75 MB used.
       Both:     17.05 MB used.

Virtual space:
  Non-class space:       64.00 MB reserved,      15.50 MB ( 24%) committed,  1 nodes.
      Class space:        1.00 GB reserved,       1.88 MB ( <1%) committed,  1 nodes.
             Both:        1.06 GB reserved,      17.38 MB (  2%) committed. 

Chunk freelists:
   Non-Class:  15.63 MB
       Class:  14.16 MB
        Both:  29.79 MB

MaxMetaspaceSize: unlimited
CompressedClassSpaceSize: 1.00 GB
Initial GC threshold: 21.00 MB
Current GC threshold: 21.00 MB
CDS: off
MetaspaceReclaimPolicy: balanced
 - commit_granule_bytes: 65536.
 - commit_granule_words: 8192.
 - virtual_space_node_default_size: 8388608.
 - enlarge_chunks_in_place: 1.
 - new_chunks_are_fully_committed: 0.
 - uncommit_free_chunks: 1.
 - use_allocation_guard: 0.
 - handle_deallocations: 1.


Internal statistics:

num_allocs_failed_limit: 0.
num_arena_births: 166.
num_arena_deaths: 0.
num_vsnodes_births: 2.
num_vsnodes_deaths: 0.
num_space_committed: 278.
num_space_uncommitted: 0.
num_chunks_returned_to_freelist: 0.
num_chunks_taken_from_freelist: 502.
num_chunk_merges: 0.
num_chunk_splits: 322.
num_chunks_enlarged: 227.
num_inconsistent_stats: 0.

CodeHeap 'non-profiled nmethods': size=120000Kb used=771Kb max_used=771Kb free=119228Kb
 bounds [0x000001ca9f560000, 0x000001ca9f7d0000, 0x000001caa6a90000]
CodeHeap 'profiled nmethods': size=120000Kb used=3594Kb max_used=3594Kb free=116405Kb
 bounds [0x000001ca97a90000, 0x000001ca97e20000, 0x000001ca9efc0000]
CodeHeap 'non-nmethods': size=5760Kb used=1180Kb max_used=1198Kb free=4579Kb
 bounds [0x000001ca9efc0000, 0x000001ca9f230000, 0x000001ca9f560000]
 total_blobs=2367 nmethods=1898 adapters=383
 compilation: enabled
              stopped_count=0, restarted_count=0
 full_count=0

Compilation events (20 events):
Event: 5.961 Thread 0x000001caadd4e200 1883   !   3       java.lang.invoke.MemberName::getFieldType (176 bytes)
Event: 5.962 Thread 0x000001caadd4e200 nmethod 1883 0x000001ca97e02790 code [0x000001ca97e02ac0, 0x000001ca97e03f98]
Event: 5.962 Thread 0x000001caadd4e200 1884       3       java.lang.invoke.InvokerBytecodeGenerator::storeInsnOpcode (98 bytes)
Event: 5.962 Thread 0x000001caadd4e200 nmethod 1884 0x000001ca97e04690 code [0x000001ca97e04900, 0x000001ca97e052d8]
Event: 5.962 Thread 0x000001caadd4e200 1886       3       jdk.internal.org.objectweb.asm.Type::getReturnTypeOffset (64 bytes)
Event: 5.963 Thread 0x000001caadd4e200 nmethod 1886 0x000001ca97e05610 code [0x000001ca97e05940, 0x000001ca97e06d18]
Event: 5.963 Thread 0x000001caadd4e200 1885       3       jdk.internal.org.objectweb.asm.MethodWriter::visitCode (1 bytes)
Event: 5.963 Thread 0x000001caadd4e200 nmethod 1885 0x000001ca97e07490 code [0x000001ca97e07620, 0x000001ca97e07738]
Event: 5.963 Thread 0x000001caadd4e200 1887       3       org.eclipse.osgi.internal.serviceregistry.ServiceRegistrationImpl::compareTo (27 bytes)
Event: 5.963 Thread 0x000001caadd4e200 nmethod 1887 0x000001ca97e07810 code [0x000001ca97e079e0, 0x000001ca97e07ff8]
Event: 5.963 Thread 0x000001caadd4e200 1888       1       org.osgi.framework.ServiceEvent::getType (5 bytes)
Event: 5.963 Thread 0x000001caadd4e200 nmethod 1888 0x000001ca9f620110 code [0x000001ca9f6202a0, 0x000001ca9f620378]
Event: 5.968 Thread 0x000001caadd4e200 1889       3       java.util.ArrayList::<init> (63 bytes)
Event: 5.968 Thread 0x000001caadd4e200 nmethod 1889 0x000001ca97e08190 code [0x000001ca97e08380, 0x000001ca97e08838]
Event: 5.969 Thread 0x000001caadd4e200 1890       1       org.osgi.framework.BundleEvent::getType (5 bytes)
Event: 5.969 Thread 0x000001caadd4e200 nmethod 1890 0x000001ca9f620410 code [0x000001ca9f6205a0, 0x000001ca9f620678]
Event: 5.970 Thread 0x000001caadd4e200 1891   !   3       org.eclipse.osgi.internal.log.ExtendedLogReaderServiceFactory::safeIsLoggable (30 bytes)
Event: 5.971 Thread 0x000001caadd4e200 nmethod 1891 0x000001ca97e08a10 code [0x000001ca97e08c20, 0x000001ca97e092f8]
Event: 5.971 Thread 0x000001caadd4e200 1892       1       sun.nio.fs.NativeBuffer::setOwner (6 bytes)
Event: 5.971 Thread 0x000001caadd4e200 nmethod 1892 0x000001ca9f620710 code [0x000001ca9f6208a0, 0x000001ca9f620978]

GC Heap History (4 events):
Event: 3.444 GC heap before
{Heap before GC invocations=1 (full 0):
 PSYoungGen      total 29696K, used 25600K [0x00000000eab00000, 0x00000000ecc00000, 0x0000000100000000)
  eden space 25600K, 100% used [0x00000000eab00000,0x00000000ec400000,0x00000000ec400000)
  from space 4096K, 0% used [0x00000000ec800000,0x00000000ec800000,0x00000000ecc00000)
  to   space 4096K, 0% used [0x00000000ec400000,0x00000000ec400000,0x00000000ec800000)
 ParOldGen       total 68608K, used 0K [0x00000000c0000000, 0x00000000c4300000, 0x00000000eab00000)
  object space 68608K, 0% used [0x00000000c0000000,0x00000000c0000000,0x00000000c4300000)
 Metaspace       used 10983K, committed 11200K, reserved 1114112K
  class space    used 1094K, committed 1216K, reserved 1048576K
}
Event: 3.498 GC heap after
{Heap after GC invocations=1 (full 0):
 PSYoungGen      total 29696K, used 3165K [0x00000000eab00000, 0x00000000ecc00000, 0x0000000100000000)
  eden space 25600K, 0% used [0x00000000eab00000,0x00000000eab00000,0x00000000ec400000)
  from space 4096K, 77% used [0x00000000ec400000,0x00000000ec7177a8,0x00000000ec800000)
  to   space 4096K, 0% used [0x00000000ec800000,0x00000000ec800000,0x00000000ecc00000)
 ParOldGen       total 68608K, used 16K [0x00000000c0000000, 0x00000000c4300000, 0x00000000eab00000)
  object space 68608K, 0% used [0x00000000c0000000,0x00000000c0004000,0x00000000c4300000)
 Metaspace       used 10983K, committed 11200K, reserved 1114112K
  class space    used 1094K, committed 1216K, reserved 1048576K
}
Event: 5.218 GC heap before
{Heap before GC invocations=2 (full 0):
 PSYoungGen      total 29696K, used 28765K [0x00000000eab00000, 0x00000000ecc00000, 0x0000000100000000)
  eden space 25600K, 100% used [0x00000000eab00000,0x00000000ec400000,0x00000000ec400000)
  from space 4096K, 77% used [0x00000000ec400000,0x00000000ec7177a8,0x00000000ec800000)
  to   space 4096K, 0% used [0x00000000ec800000,0x00000000ec800000,0x00000000ecc00000)
 ParOldGen       total 68608K, used 16K [0x00000000c0000000, 0x00000000c4300000, 0x00000000eab00000)
  object space 68608K, 0% used [0x00000000c0000000,0x00000000c0004000,0x00000000c4300000)
 Metaspace       used 14638K, committed 14784K, reserved 1114112K
  class space    used 1482K, committed 1536K, reserved 1048576K
}
Event: 5.226 GC heap after
{Heap after GC invocations=2 (full 0):
 PSYoungGen      total 29696K, used 4084K [0x00000000eab00000, 0x00000000ecc00000, 0x0000000100000000)
  eden space 25600K, 0% used [0x00000000eab00000,0x00000000eab00000,0x00000000ec400000)
  from space 4096K, 99% used [0x00000000ec800000,0x00000000ecbfd330,0x00000000ecc00000)
  to   space 4096K, 0% used [0x00000000ec400000,0x00000000ec400000,0x00000000ec800000)
 ParOldGen       total 68608K, used 800K [0x00000000c0000000, 0x00000000c4300000, 0x00000000eab00000)
  object space 68608K, 1% used [0x00000000c0000000,0x00000000c00c8250,0x00000000c4300000)
 Metaspace       used 14638K, committed 14784K, reserved 1114112K
  class space    used 1482K, committed 1536K, reserved 1048576K
}

Dll operation events (9 events):
Event: 0.387 Loaded shared library c:\Users\idaka\.vscode\extensions\redhat.java-1.35.1-win32-x64\jre\17.0.12-win32-x86_64\bin\java.dll
Event: 0.919 Loaded shared library c:\Users\idaka\.vscode\extensions\redhat.java-1.35.1-win32-x64\jre\17.0.12-win32-x86_64\bin\zip.dll
Event: 0.932 Loaded shared library C:\Users\idaka\.vscode\extensions\redhat.java-1.35.1-win32-x64\jre\17.0.12-win32-x86_64\bin\instrument.dll
Event: 1.033 Loaded shared library C:\Users\idaka\.vscode\extensions\redhat.java-1.35.1-win32-x64\jre\17.0.12-win32-x86_64\bin\net.dll
Event: 1.057 Loaded shared library C:\Users\idaka\.vscode\extensions\redhat.java-1.35.1-win32-x64\jre\17.0.12-win32-x86_64\bin\nio.dll
Event: 1.105 Loaded shared library C:\Users\idaka\.vscode\extensions\redhat.java-1.35.1-win32-x64\jre\17.0.12-win32-x86_64\bin\zip.dll
Event: 1.193 Loaded shared library C:\Users\idaka\.vscode\extensions\redhat.java-1.35.1-win32-x64\jre\17.0.12-win32-x86_64\bin\jimage.dll
Event: 1.470 Loaded shared library c:\Users\idaka\.vscode\extensions\redhat.java-1.35.1-win32-x64\jre\17.0.12-win32-x86_64\bin\verify.dll
Event: 4.903 Loaded shared library C:\Users\idaka\AppData\Roaming\Code\User\globalStorage\redhat.java\1.35.1\config_ss_win\org.eclipse.equinox.launcher\org.eclipse.equinox.launcher.win32.win32.x86_64_1.2.1100.v20240722-2106\eclipse_11904.dll

Deoptimization events (20 events):
Event: 5.720 Thread 0x000001caae2fcb20 DEOPT PACKING pc=0x000001ca9f5c906c sp=0x00000032c9cfb5b0
Event: 5.720 Thread 0x000001caae2fcb20 DEOPT UNPACKING pc=0x000001ca9f019ea3 sp=0x00000032c9cfb530 mode 2
Event: 5.721 Thread 0x000001caae2fcb20 Uncommon trap: trap_request=0xffffffde fr.pc=0x000001ca9f5c4034 relative=0x0000000000000294
Event: 5.721 Thread 0x000001caae2fcb20 Uncommon trap: reason=class_check action=maybe_recompile pc=0x000001ca9f5c4034 method=java.io.DataInputStream.readUnsignedByte()I @ 4 c2
Event: 5.721 Thread 0x000001caae2fcb20 DEOPT PACKING pc=0x000001ca9f5c4034 sp=0x00000032c9cfb700
Event: 5.721 Thread 0x000001caae2fcb20 DEOPT UNPACKING pc=0x000001ca9f019ea3 sp=0x00000032c9cfb658 mode 2
Event: 5.721 Thread 0x000001caae2fcb20 Uncommon trap: trap_request=0xffffffde fr.pc=0x000001ca9f5c4034 relative=0x0000000000000294
Event: 5.721 Thread 0x000001caae2fcb20 Uncommon trap: reason=class_check action=maybe_recompile pc=0x000001ca9f5c4034 method=java.io.DataInputStream.readUnsignedByte()I @ 4 c2
Event: 5.721 Thread 0x000001caae2fcb20 DEOPT PACKING pc=0x000001ca9f5c4034 sp=0x00000032c9cfb700
Event: 5.721 Thread 0x000001caae2fcb20 DEOPT UNPACKING pc=0x000001ca9f019ea3 sp=0x00000032c9cfb658 mode 2
Event: 5.721 Thread 0x000001caae2fcb20 Uncommon trap: trap_request=0xffffffde fr.pc=0x000001ca9f5c906c relative=0x00000000000013ec
Event: 5.721 Thread 0x000001caae2fcb20 Uncommon trap: reason=class_check action=maybe_recompile pc=0x000001ca9f5c906c method=java.io.DataInputStream.readUnsignedShort()I @ 6 c2
Event: 5.721 Thread 0x000001caae2fcb20 DEOPT PACKING pc=0x000001ca9f5c906c sp=0x00000032c9cfb5b0
Event: 5.721 Thread 0x000001caae2fcb20 DEOPT UNPACKING pc=0x000001ca9f019ea3 sp=0x00000032c9cfb530 mode 2
Event: 5.721 Thread 0x000001caae2fcb20 Uncommon trap: trap_request=0xffffffde fr.pc=0x000001ca9f5c906c relative=0x00000000000013ec
Event: 5.721 Thread 0x000001caae2fcb20 Uncommon trap: reason=class_check action=maybe_recompile pc=0x000001ca9f5c906c method=java.io.DataInputStream.readUnsignedShort()I @ 6 c2
Event: 5.721 Thread 0x000001caae2fcb20 DEOPT PACKING pc=0x000001ca9f5c906c sp=0x00000032c9cfb5b0
Event: 5.721 Thread 0x000001caae2fcb20 DEOPT UNPACKING pc=0x000001ca9f019ea3 sp=0x00000032c9cfb530 mode 2
Event: 5.963 Thread 0x000001caae2fcb20 DEOPT PACKING pc=0x000001ca97be193e sp=0x00000032c9cfc490
Event: 5.963 Thread 0x000001caae2fcb20 DEOPT UNPACKING pc=0x000001ca9f01a9e3 sp=0x00000032c9cfb908 mode 0

Classes loaded (20 events):
Event: 5.400 Loading class java/util/concurrent/locks/ReentrantLock$FairSync
Event: 5.400 Loading class java/util/concurrent/locks/ReentrantLock$FairSync done
Event: 5.402 Loading class java/util/Collections$ReverseComparator
Event: 5.402 Loading class java/util/Collections$ReverseComparator done
Event: 5.555 Loading class java/lang/CloneNotSupportedException
Event: 5.555 Loading class java/lang/CloneNotSupportedException done
Event: 5.617 Loading class java/util/TreeMap$Values
Event: 5.617 Loading class java/util/TreeMap$Values done
Event: 5.617 Loading class java/util/TreeMap$ValueIterator
Event: 5.617 Loading class java/util/TreeMap$ValueIterator done
Event: 5.697 Loading class java/nio/file/NoSuchFileException
Event: 5.698 Loading class java/nio/file/FileSystemException
Event: 5.698 Loading class java/nio/file/FileSystemException done
Event: 5.698 Loading class java/nio/file/NoSuchFileException done
Event: 5.802 Loading class java/lang/StackWalker$Option
Event: 5.803 Loading class java/lang/StackWalker$Option done
Event: 5.805 Loading class java/util/Comparators$NaturalOrderComparator
Event: 5.805 Loading class java/util/Comparators$NaturalOrderComparator done
Event: 5.805 Loading class java/util/Collections$ReverseComparator2
Event: 5.805 Loading class java/util/Collections$ReverseComparator2 done

Classes unloaded (0 events):
No events

Classes redefined (0 events):
No events

Internal exceptions (20 events):
Event: 3.096 Thread 0x000001ca94e2fd60 Exception <a 'java/io/FileNotFoundException'{0x00000000ec110ca8}> (0x00000000ec110ca8) 
thrown [s\src\hotspot\share\prims\jni.cpp, line 516]
Event: 3.202 Thread 0x000001ca94e2fd60 Implicit null exception at 0x000001ca9f5b157b to 0x000001ca9f5b1f34
Event: 3.202 Thread 0x000001ca94e2fd60 Implicit null exception at 0x000001ca9f5a568e to 0x000001ca9f5a58b8
Event: 3.203 Thread 0x000001ca94e2fd60 Implicit null exception at 0x000001ca9f5a610e to 0x000001ca9f5a634c
Event: 3.203 Thread 0x000001ca94e2fd60 Implicit null exception at 0x000001ca9f5a2c0f to 0x000001ca9f5a2c85
Event: 3.442 Thread 0x000001ca94e2fd60 Exception <a 'java/lang/NoSuchMethodError'{0x00000000ec3f12e0}: 'int java.lang.invoke.DirectMethodHandle$Holder.invokeStaticInit(java.lang.Object, java.lang.Object, java.lang.Object, java.lang.Object)'> (0x00000000ec3f12e0) 
thrown [s\src\hotspot\share\interpreter\linkResolver.cpp, line 759]
Event: 3.443 Thread 0x000001ca94e2fd60 Exception <a 'java/lang/NoSuchMethodError'{0x00000000ec3fb940}: 'java.lang.Object java.lang.invoke.DirectMethodHandle$Holder.invokeInterface(java.lang.Object, java.lang.Object)'> (0x00000000ec3fb940) 
thrown [s\src\hotspot\share\interpreter\linkResolver.cpp, line 759]
Event: 3.444 Thread 0x000001ca94e2fd60 Exception <a 'java/lang/IncompatibleClassChangeError'{0x00000000ec3ff138}: Found class java.lang.Object, but interface was expected> (0x00000000ec3ff138) 
thrown [s\src\hotspot\share\interpreter\linkResolver.cpp, line 826]
Event: 3.518 Thread 0x000001ca94e2fd60 Exception <a 'java/lang/NoSuchMethodError'{0x00000000eab43c18}: 'void java.lang.invoke.DirectMethodHandle$Holder.invokeStatic(java.lang.Object, java.lang.Object)'> (0x00000000eab43c18) 
thrown [s\src\hotspot\share\interpreter\linkResolver.cpp, line 759]
Event: 3.519 Thread 0x000001ca94e2fd60 Exception <a 'java/lang/NoSuchMethodError'{0x00000000eab47418}: 'void java.lang.invoke.DirectMethodHandle$Holder.invokeStaticInit(java.lang.Object, java.lang.Object)'> (0x00000000eab47418) 
thrown [s\src\hotspot\share\interpreter\linkResolver.cpp, line 759]
Event: 3.520 Thread 0x000001ca94e2fd60 Exception <a 'java/lang/NoSuchMethodError'{0x00000000eab501b8}: 'int java.lang.invoke.DirectMethodHandle$Holder.invokeStaticInit(java.lang.Object, java.lang.Object)'> (0x00000000eab501b8) 
thrown [s\src\hotspot\share\interpreter\linkResolver.cpp, line 759]
Event: 3.669 Thread 0x000001ca94e2fd60 Exception <a 'java/lang/NoSuchMethodError'{0x00000000eac7a648}: 'void java.lang.invoke.DirectMethodHandle$Holder.invokeSpecial(java.lang.Object, java.lang.Object, java.lang.Object)'> (0x00000000eac7a648) 
thrown [s\src\hotspot\share\interpreter\linkResolver.cpp, line 759]
Event: 4.323 Thread 0x000001ca94e2fd60 Exception <a 'java/lang/NoSuchMethodError'{0x00000000eb92f780}: 'java.lang.Object java.lang.invoke.DirectMethodHandle$Holder.newInvokeSpecial(java.lang.Object, int, java.lang.Object)'> (0x00000000eb92f780) 
thrown [s\src\hotspot\share\interpreter\linkResolver.cpp, line 759]
Event: 4.789 Thread 0x000001ca94e2fd60 Exception <a 'java/lang/UnsatisfiedLinkError'{0x00000000ebec52e0}: 'void org.eclipse.equinox.launcher.JNIBridge._update_splash()'> (0x00000000ebec52e0) 
thrown [s\src\hotspot\share\prims\nativeLookup.cpp, line 543]
Event: 5.097 Thread 0x000001caae2fcb20 Exception <a 'java/lang/NoSuchMethodError'{0x00000000ec1f3600}: 'java.lang.Object java.lang.invoke.DirectMethodHandle$Holder.invokeStaticInit(java.lang.Object)'> (0x00000000ec1f3600) 
thrown [s\src\hotspot\share\interpreter\linkResolver.cpp, line 759]
Event: 5.187 Thread 0x000001caae2fcb20 Exception <a 'java/lang/NullPointerException'{0x00000000ec33a228}> (0x00000000ec33a228) 
thrown [s\src\hotspot\share\interpreter\linkResolver.cpp, line 1350]
Event: 5.187 Thread 0x000001caae2fcb20 Exception <a 'java/lang/NullPointerException'{0x00000000ec33a500}> (0x00000000ec33a500) 
thrown [s\src\hotspot\share\interpreter\linkResolver.cpp, line 1350]
Event: 5.709 Thread 0x000001caae2fcb20 Exception <a 'java/io/FileNotFoundException'{0x00000000eb5e6f50}> (0x00000000eb5e6f50) 
thrown [s\src\hotspot\share\prims\jni.cpp, line 516]
Event: 5.804 Thread 0x000001caae2fcb20 Exception <a 'java/lang/NoSuchMethodError'{0x00000000eb7b2090}: 'java.lang.Object java.lang.invoke.Invokers$Holder.invokeExact_MT(java.lang.Object, java.lang.Object, java.lang.Object, java.lang.Object, java.lang.Object, java.lang.Object)'> (0x00000000eb7b2090) 
thrown [s\src\hotspot\share\interpreter\linkResolver.cpp, line 759]
Event: 5.962 Thread 0x000001caae2fcb20 Exception <a 'java/lang/NoSuchMethodError'{0x00000000eb8dac90}: 'java.lang.Object java.lang.invoke.Invokers$Holder.linkToTargetMethod(java.lang.Object, long, java.lang.Object)'> (0x00000000eb8dac90) 
thrown [s\src\hotspot\share\interpreter\linkResolver.cpp, line 759]

VM Operations (20 events):
Event: 2.324 Executing VM operation: HandshakeAllThreads
Event: 2.324 Executing VM operation: HandshakeAllThreads done
Event: 2.980 Executing VM operation: HandshakeAllThreads
Event: 2.980 Executing VM operation: HandshakeAllThreads done
Event: 3.444 Executing VM operation: ParallelGCFailedAllocation
Event: 3.498 Executing VM operation: ParallelGCFailedAllocation done
Event: 4.268 Executing VM operation: HandshakeAllThreads
Event: 4.268 Executing VM operation: HandshakeAllThreads done
Event: 4.268 Executing VM operation: HandshakeAllThreads
Event: 4.268 Executing VM operation: HandshakeAllThreads done
Event: 4.277 Executing VM operation: HandshakeAllThreads
Event: 4.277 Executing VM operation: HandshakeAllThreads done
Event: 4.319 Executing VM operation: HandshakeAllThreads
Event: 4.319 Executing VM operation: HandshakeAllThreads done
Event: 5.181 Executing VM operation: HandshakeAllThreads
Event: 5.181 Executing VM operation: HandshakeAllThreads done
Event: 5.181 Executing VM operation: Cleanup
Event: 5.182 Executing VM operation: Cleanup done
Event: 5.218 Executing VM operation: ParallelGCFailedAllocation
Event: 5.227 Executing VM operation: ParallelGCFailedAllocation done

Events (20 events):
Event: 0.660 Thread 0x000001caadce57b0 Thread added: 0x000001caadce57b0
Event: 0.675 Thread 0x000001caadd4e200 Thread added: 0x000001caadd4e200
Event: 0.677 Thread 0x000001caadd54ee0 Thread added: 0x000001caadd54ee0
Event: 0.775 Thread 0x000001ca94e95a30 Thread added: 0x000001ca94e95a30
Event: 1.717 Thread 0x000001caae03eb20 Thread added: 0x000001caae03eb20
Event: 2.050 Thread 0x000001caae03c190 Thread added: 0x000001caae03c190
Event: 2.546 Thread 0x000001caae03c190 Thread exited: 0x000001caae03c190
Event: 2.579 Thread 0x000001caae2cb520 Thread added: 0x000001caae2cb520
Event: 2.720 Thread 0x000001caae2cb520 Thread exited: 0x000001caae2cb520
Event: 2.985 Thread 0x000001caae56a730 Thread added: 0x000001caae56a730
Event: 3.139 Thread 0x000001caae56a730 Thread exited: 0x000001caae56a730
Event: 3.768 Thread 0x000001caae40a1c0 Thread added: 0x000001caae40a1c0
Event: 4.230 Thread 0x000001caae2fc100 Thread added: 0x000001caae2fc100
Event: 4.703 Thread 0x000001caae40a1c0 Thread exited: 0x000001caae40a1c0
Event: 4.766 Thread 0x000001caae40a1c0 Thread added: 0x000001caae40a1c0
Event: 4.775 Thread 0x000001caae2fc610 Thread added: 0x000001caae2fc610
Event: 4.786 Thread 0x000001caae2fcb20 Thread added: 0x000001caae2fcb20
Event: 4.942 Thread 0x000001caae40a1c0 Thread exited: 0x000001caae40a1c0
Event: 5.033 Thread 0x000001caae2fd540 Thread added: 0x000001caae2fd540
Event: 5.378 Thread 0x000001caae2fbbf0 Thread added: 0x000001caae2fbbf0


Dynamic libraries:
0x00007ff651050000 - 0x00007ff65105e000 	c:\Users\idaka\.vscode\extensions\redhat.java-1.35.1-win32-x64\jre\17.0.12-win32-x86_64\bin\java.exe
0x00007ff805e10000 - 0x00007ff806027000 	C:\Windows\SYSTEM32\ntdll.dll
0x00007ff804a50000 - 0x00007ff804b14000 	C:\Windows\System32\KERNEL32.DLL
0x00007ff803210000 - 0x00007ff8035c7000 	C:\Windows\System32\KERNELBASE.dll
0x00007ff8038b0000 - 0x00007ff8039c1000 	C:\Windows\System32\ucrtbase.dll
0x00007fffeb070000 - 0x00007fffeb087000 	c:\Users\idaka\.vscode\extensions\redhat.java-1.35.1-win32-x64\jre\17.0.12-win32-x86_64\bin\jli.dll
0x00007ff805340000 - 0x00007ff8054ef000 	C:\Windows\System32\USER32.dll
0x00007ff8037c0000 - 0x00007ff8037e6000 	C:\Windows\System32\win32u.dll
0x00007ff805920000 - 0x00007ff805949000 	C:\Windows\System32\GDI32.dll
0x00007ff8035d0000 - 0x00007ff8036e8000 	C:\Windows\System32\gdi32full.dll
0x00007ff8036f0000 - 0x00007ff80378a000 	C:\Windows\System32\msvcp_win.dll
0x00007fffea4a0000 - 0x00007fffea4bb000 	c:\Users\idaka\.vscode\extensions\redhat.java-1.35.1-win32-x64\jre\17.0.12-win32-x86_64\bin\VCRUNTIME140.dll
0x00007ffff32f0000 - 0x00007ffff3583000 	C:\Windows\WinSxS\amd64_microsoft.windows.common-controls_6595b64144ccf1df_6.0.22621.3672_none_2713b9d173822955\COMCTL32.dll
0x00007ff804850000 - 0x00007ff8048f7000 	C:\Windows\System32\msvcrt.dll
0x00007ff8058e0000 - 0x00007ff805911000 	C:\Windows\System32\IMM32.DLL
0x00007fffc18d0000 - 0x00007fffc1a33000 	C:\Program Files (x86)\Citrix\ICA Client\ctxapclient64.dll
0x00007ff803790000 - 0x00007ff8037b8000 	C:\Windows\System32\bcrypt.dll
0x00007ff804cf0000 - 0x00007ff80507e000 	C:\Windows\System32\combase.dll
0x00007ff804b40000 - 0x00007ff804c54000 	C:\Windows\System32\RPCRT4.dll
0x00007ffff73e0000 - 0x00007ffff73ea000 	C:\Windows\SYSTEM32\VERSION.dll
0x00007ff8054f0000 - 0x00007ff8055a2000 	C:\Windows\System32\ADVAPI32.dll
0x00007ff805080000 - 0x00007ff805128000 	C:\Windows\System32\sechost.dll
0x00007ff802340000 - 0x00007ff802374000 	C:\Windows\SYSTEM32\ntmarta.dll
0x00007ff803120000 - 0x00007ff80319b000 	C:\Windows\System32\bcryptprimitives.dll
0x00007ffff92b0000 - 0x00007ffff92ea000 	C:\Program Files (x86)\Citrix\ICA Client\Receiver\FeatureFlagHelper64.dll
0x00007ffff9ed0000 - 0x00007ffff9edc000 	c:\Users\idaka\.vscode\extensions\redhat.java-1.35.1-win32-x64\jre\17.0.12-win32-x86_64\bin\vcruntime140_1.dll
0x00007fffc58d0000 - 0x00007fffc595d000 	c:\Users\idaka\.vscode\extensions\redhat.java-1.35.1-win32-x64\jre\17.0.12-win32-x86_64\bin\msvcp140.dll
0x00007fff6f040000 - 0x00007fff6fcaa000 	c:\Users\idaka\.vscode\extensions\redhat.java-1.35.1-win32-x64\jre\17.0.12-win32-x86_64\bin\server\jvm.dll
0x00007ff805130000 - 0x00007ff8051a1000 	C:\Windows\System32\WS2_32.dll
0x00007ff801fa0000 - 0x00007ff801fed000 	C:\Windows\SYSTEM32\POWRPROF.dll
0x00007ffff8a90000 - 0x00007ffff8ac4000 	C:\Windows\SYSTEM32\WINMM.dll
0x00007ff801f70000 - 0x00007ff801f83000 	C:\Windows\SYSTEM32\UMPDC.dll
0x00007ff802230000 - 0x00007ff802248000 	C:\Windows\SYSTEM32\kernel.appcore.dll
0x00007ffff9280000 - 0x00007ffff928a000 	c:\Users\idaka\.vscode\extensions\redhat.java-1.35.1-win32-x64\jre\17.0.12-win32-x86_64\bin\jimage.dll
0x00007ff800a10000 - 0x00007ff800c42000 	C:\Windows\SYSTEM32\DBGHELP.DLL
0x00007ff804900000 - 0x00007ff8049d7000 	C:\Windows\System32\OLEAUT32.dll
0x00007fffe9f70000 - 0x00007fffe9fa2000 	C:\Windows\SYSTEM32\dbgcore.DLL
0x00007ffff8ca0000 - 0x00007ffff8cae000 	c:\Users\idaka\.vscode\extensions\redhat.java-1.35.1-win32-x64\jre\17.0.12-win32-x86_64\bin\instrument.dll
0x00007fffe31f0000 - 0x00007fffe3215000 	c:\Users\idaka\.vscode\extensions\redhat.java-1.35.1-win32-x64\jre\17.0.12-win32-x86_64\bin\java.dll
0x00007fffe7a60000 - 0x00007fffe7a78000 	c:\Users\idaka\.vscode\extensions\redhat.java-1.35.1-win32-x64\jre\17.0.12-win32-x86_64\bin\zip.dll
0x00007ff803b60000 - 0x00007ff8043c9000 	C:\Windows\System32\SHELL32.dll
0x00007ff801050000 - 0x00007ff80194f000 	C:\Windows\SYSTEM32\windows.storage.dll
0x00007ff800f10000 - 0x00007ff80104f000 	C:\Windows\SYSTEM32\wintypes.dll
0x00007ff8045a0000 - 0x00007ff804699000 	C:\Windows\System32\SHCORE.dll
0x00007ff8052e0000 - 0x00007ff80533e000 	C:\Windows\System32\shlwapi.dll
0x00007ff803050000 - 0x00007ff803077000 	C:\Windows\SYSTEM32\profapi.dll
0x00007fffe7960000 - 0x00007fffe7979000 	C:\Users\idaka\.vscode\extensions\redhat.java-1.35.1-win32-x64\jre\17.0.12-win32-x86_64\bin\net.dll
0x00007ffffbff0000 - 0x00007ffffc126000 	C:\Windows\SYSTEM32\WINHTTP.dll
0x00007ff802690000 - 0x00007ff8026f9000 	C:\Windows\system32\mswsock.dll
0x00007fffe72c0000 - 0x00007fffe72d6000 	C:\Users\idaka\.vscode\extensions\redhat.java-1.35.1-win32-x64\jre\17.0.12-win32-x86_64\bin\nio.dll
0x00007ffff8c60000 - 0x00007ffff8c70000 	c:\Users\idaka\.vscode\extensions\redhat.java-1.35.1-win32-x64\jre\17.0.12-win32-x86_64\bin\verify.dll
0x00007fffe6fc0000 - 0x00007fffe7005000 	C:\Users\idaka\AppData\Roaming\Code\User\globalStorage\redhat.java\1.35.1\config_ss_win\org.eclipse.equinox.launcher\org.eclipse.equinox.launcher.win32.win32.x86_64_1.2.1100.v20240722-2106\eclipse_11904.dll
0x00007ff8043e0000 - 0x00007ff804585000 	C:\Windows\System32\ole32.dll

dbghelp: loaded successfully - version: 4.0.5 - missing functions: none
symbol engine: initialized successfully - sym options: 0x614 - pdb path: .;c:\Users\idaka\.vscode\extensions\redhat.java-1.35.1-win32-x64\jre\17.0.12-win32-x86_64\bin;C:\Windows\SYSTEM32;C:\Windows\WinSxS\amd64_microsoft.windows.common-controls_6595b64144ccf1df_6.0.22621.3672_none_2713b9d173822955;C:\Program Files (x86)\Citrix\ICA Client;C:\Program Files (x86)\Citrix\ICA Client\Receiver;c:\Users\idaka\.vscode\extensions\redhat.java-1.35.1-win32-x64\jre\17.0.12-win32-x86_64\bin\server;C:\Users\idaka\AppData\Roaming\Code\User\globalStorage\redhat.java\1.35.1\config_ss_win\org.eclipse.equinox.launcher\org.eclipse.equinox.launcher.win32.win32.x86_64_1.2.1100.v20240722-2106

VM Arguments:
jvm_args: --add-modules=ALL-SYSTEM --add-opens=java.base/java.util=ALL-UNNAMED --add-opens=java.base/java.lang=ALL-UNNAMED --add-opens=java.base/sun.nio.fs=ALL-UNNAMED -Declipse.application=org.eclipse.jdt.ls.core.id1 -Dosgi.bundles.defaultStartLevel=4 -Declipse.product=org.eclipse.jdt.ls.core.product -Djava.import.generatesMetadataFilesAtProjectRoot=false -DDetectVMInstallationsJob.disabled=true -Dfile.encoding=utf8 -XX:+UseParallelGC -XX:GCTimeRatio=4 -XX:AdaptiveSizePolicyWeight=90 -Dsun.zip.disableMemoryMapping=true -Xmx1G -Xms100m -Xlog:disable -javaagent:c:\Users\idaka\.vscode\extensions\redhat.java-1.35.1-win32-x64\lombok\lombok-1.18.33.jar 
java_command: c:\Users\idaka\.vscode\extensions\redhat.java-1.35.1-win32-x64\server\plugins\org.eclipse.equinox.launcher_1.6.900.v20240613-2009.jar -configuration c:\Users\idaka\AppData\Roaming\Code\User\globalStorage\redhat.java\1.35.1\config_ss_win -data c:\Users\idaka\AppData\Roaming\Code\User\workspaceStorage\6dd7c0f6da6ea4f604f74883f91d69d6\redhat.java\ss_ws --pipe=\\.\pipe\lsp-49e32ac7bd07da84dbaf4fca93089b6b-sock
java_class_path (initial): c:\Users\idaka\.vscode\extensions\redhat.java-1.35.1-win32-x64\server\plugins\org.eclipse.equinox.launcher_1.6.900.v20240613-2009.jar
Launcher Type: SUN_STANDARD

[Global flags]
    uintx AdaptiveSizePolicyWeight                 = 90                                        {product} {command line}
     intx CICompilerCount                          = 3                                         {product} {ergonomic}
    uintx GCTimeRatio                              = 4                                         {product} {command line}
   size_t InitialHeapSize                          = 104857600                                 {product} {command line}
   size_t MaxHeapSize                              = 1073741824                                {product} {command line}
   size_t MaxNewSize                               = 357564416                                 {product} {ergonomic}
   size_t MinHeapDeltaBytes                        = 524288                                    {product} {ergonomic}
   size_t MinHeapSize                              = 104857600                                 {product} {command line}
   size_t NewSize                                  = 34603008                                  {product} {ergonomic}
    uintx NonNMethodCodeHeapSize                   = 5832780                                {pd product} {ergonomic}
    uintx NonProfiledCodeHeapSize                  = 122912730                              {pd product} {ergonomic}
   size_t OldSize                                  = 70254592                                  {product} {ergonomic}
    uintx ProfiledCodeHeapSize                     = 122912730                              {pd product} {ergonomic}
    uintx ReservedCodeCacheSize                    = 251658240                              {pd product} {ergonomic}
     bool SegmentedCodeCache                       = true                                      {product} {ergonomic}
   size_t SoftMaxHeapSize                          = 1073741824                             {manageable} {ergonomic}
     bool UseCompressedClassPointers               = true                           {product lp64_product} {ergonomic}
     bool UseCompressedOops                        = true                           {product lp64_product} {ergonomic}
     bool UseLargePagesIndividualAllocation        = false                                  {pd product} {ergonomic}
     bool UseParallelGC                            = true                                      {product} {command line}

Logging:
Log output configuration:
 #0: stdout all=off uptime,level,tags
 #1: stderr all=off uptime,level,tags

Environment Variables:
JAVA_HOME=C:\Program Files\Java\jdk-22
PATH=C:\Python312\Scripts\;C:\Python312\;C:\Program Files\Common Files\Oracle\Java\javapath;C:\Windows\system32;C:\Windows;C:\Windows\System32\Wbem;C:\Windows\System32\WindowsPowerShell\v1.0\;C:\Windows\System32\OpenSSH\;C:\Program Files\Microsoft SQL Server\Client SDK\ODBC\110\Tools\Binn\;C:\Program Files (x86)\Microsoft SQL Server\120\Tools\Binn\;C:\Program Files\Microsoft SQL Server\120\Tools\Binn\;C:\Program Files\Microsoft SQL Server\120\DTS\Binn\;C:\Program Files (x86)\Microsoft SQL Server\120\Tools\Binn\ManagementStudio\;C:\Program Files (x86)\Microsoft SQL Server\120\DTS\Binn\;C:\Program Files\nodejs\;C:\ProgramData\chocolatey\bin;C:\Program Files\Git\cmd;C:\Program Files\Java\jdk-22\bin;C:\Program Files\apache-maven-3.9.9-bin\apache-maven-3.9.9\bin;C:\Users\idaka\AppData\Local\Microsoft\WindowsApps;;C:\Users\idaka\AppData\Local\Programs\Microsoft VS Code\bin;C:\Users\idaka\AppData\Roaming\npm
USERNAME=idaka
OS=Windows_NT
PROCESSOR_IDENTIFIER=Intel64 Family 6 Model 140 Stepping 1, GenuineIntel
TMP=C:\Users\idaka\AppData\Local\Temp
TEMP=C:\Users\idaka\AppData\Local\Temp



Periodic native trim disabled


---------------  S Y S T E M  ---------------

OS:
 Windows 11 , 64 bit Build 22621 (10.0.22621.3958)
OS uptime: 20 days 20:20 hours
Hyper-V role detected

CPU: total 4 (initial active 4) (2 cores per cpu, 2 threads per core) family 6 model 140 stepping 1 microcode 0xa4, cx8, cmov, fxsr, ht, mmx, 3dnowpref, sse, sse2, sse3, ssse3, sse4.1, sse4.2, popcnt, lzcnt, tsc, tscinvbit, avx, avx2, aes, erms, clmul, bmi1, bmi2, adx, avx512f, avx512dq, avx512cd, avx512bw, avx512vl, sha, fma, vzeroupper, avx512_vpopcntdq, avx512_vpclmulqdq, avx512_vaes, avx512_vnni, clflush, clflushopt, clwb, avx512_vbmi2, avx512_vbmi, hv
Processor Information for all 4 processors :
  Max Mhz: 2995, Current Mhz: 2995, Mhz Limit: 2995

Memory: 4k page, system-wide physical 7886M (481M free)
TotalPageFile size 32462M (AvailPageFile size 56M)
current process WorkingSet (physical memory assigned to process): 97M, peak: 97M
current process commit charge ("private bytes"): 199M, peak: 200M

vm_info: OpenJDK 64-Bit Server VM (17.0.12+7) for windows-amd64 JRE (17.0.12+7), built on Jul 16 2024 22:08:24 by "admin" with MS VC++ 16.10 / 16.11 (VS2019)

END.
